producer_class	xtools.gsea.GseaPreranked
producer_timestamp	1459377876439
param	collapse	true
param	plot_top_x	30
param	rnk	/Users/Quynh/NextGenSeq/ObesityProjects/PredictorsDietInducedObesity/data/RNAseq/Juvenile-HFD/scripts/results/GSEA_prerank_Quadriceps_feeding_kallisto.rnk
param	norm	meandiv
param	scoring_scheme	weighted
param	make_sets	true
param	mode	Max_probe
param	gmx	gseaftp.broadinstitute.org://pub/gsea/gene_sets/c5.cc.v5.1.symbols.gmt
param	gui	false
param	chip	gseaftp.broadinstitute.org://pub/gsea/annotations/GENE_SYMBOL.chip
param	rpt_label	Quad_CC
param	help	false
param	out	/Users/Quynh/gsea_home/output/mar30
param	include_only_symbols	true
param	set_min	10
param	nperm	1000
param	rnd_seed	149
param	zip_report	false
param	set_max	5000

file	/Users/Quynh/gsea_home/output/mar30/Quad_CC.GseaPreranked.1459377876439/index.html
