producer_class	xtools.gsea.GseaPreranked
producer_timestamp	1439143079897
param	collapse	true
param	plot_top_x	50
param	rnk	/Users/davebridges/Documents/Source/PredictorsDietInducedObesity/data/RNAseq/Juvenile-HFD/scripts/GSEA_prerank_WAT.rnk
param	norm	meandiv
param	scoring_scheme	weighted
param	make_sets	true
param	mode	Max_probe
param	gmx	gseaftp.broadinstitute.org://pub/gsea/gene_sets/c2.cp.biocarta.v5.0.symbols.gmt
param	gui	false
param	chip	gseaftp.broadinstitute.org://pub/gsea/annotations/GENE_SYMBOL.chip
param	rpt_label	WAT_Biocarta
param	help	false
param	out	/Users/davebridges/gsea_home/output/aug09
param	include_only_symbols	true
param	set_min	10
param	nperm	1000
param	rnd_seed	timestamp
param	zip_report	false
param	set_max	5000

file	/Users/davebridges/gsea_home/output/aug09/WAT_Biocarta.GseaPreranked.1439143079897/index.html
