producer_class	xtools.gsea.GseaPreranked
producer_timestamp	1461948156420
param	collapse	true
param	plot_top_x	45
param	rnk	/Users/vphan/Quynh/Obesity/PredictorsDietInducedObesity/data/RNAseq/Juvenile-HFD/scripts/GSEA_prerank_WAT.rnk
param	norm	meandiv
param	scoring_scheme	weighted
param	make_sets	true
param	mode	Max_probe
param	gmx	gseaftp.broadinstitute.org://pub/gsea/gene_sets/c2.cp.kegg.v5.1.symbols.gmt
param	gui	false
param	chip	gseaftp.broadinstitute.org://pub/gsea/annotations/GENE_SYMBOL.chip
param	rpt_label	WAT_KEGG
param	help	false
param	out	/Users/vphan/gsea_home/output/apr29
param	include_only_symbols	true
param	set_min	5
param	nperm	1000
param	rnd_seed	149
param	zip_report	false
param	set_max	500

file	/Users/vphan/gsea_home/output/apr29/WAT_KEGG.GseaPreranked.1461948156420/index.html
